06 juil. 2022 19:41:45,687 [JavaFX Application Thread] INFO  {org.hibernate.Version} - HHH000412: Hibernate ORM core version 6.0.2.Final 
06 juil. 2022 19:41:46,631 [JavaFX Application Thread] WARN  {org.hibernate.orm.connections.pooling} - HHH10001002: Using built-in connection pool (not intended for production use) 
06 juil. 2022 19:41:46,638 [JavaFX Application Thread] INFO  {org.hibernate.orm.connections.pooling} - HHH10001005: Loaded JDBC driver class: com.mysql.cj.jdbc.Driver 
06 juil. 2022 19:41:46,639 [JavaFX Application Thread] INFO  {org.hibernate.orm.connections.pooling} - HHH10001012: Connecting with JDBC URL [jdbc:mysql://localhost:3306/rekest_db?serverTimezone=UTC] 
06 juil. 2022 19:41:46,639 [JavaFX Application Thread] INFO  {org.hibernate.orm.connections.pooling} - HHH10001001: Connection properties: {password=****, user=root} 
06 juil. 2022 19:41:46,642 [JavaFX Application Thread] INFO  {org.hibernate.orm.connections.pooling} - HHH10001003: Autocommit mode: false 
06 juil. 2022 19:41:46,648 [JavaFX Application Thread] INFO  {org.hibernate.orm.connections.pooling} - HHH10001115: Connection pool size: 20 (min=1) 
06 juil. 2022 19:41:50,934 [JavaFX Application Thread] WARN  {org.hibernate.engine.jdbc.env.internal.JdbcEnvironmentInitiator} - HHH000342: Could not obtain connection to query metadata 
java.lang.IllegalStateException: Cannot get a connection as the driver manager is not properly initialized
	at org.hibernate.engine.jdbc.connections.internal.DriverManagerConnectionProviderImpl.getConnection(DriverManagerConnectionProviderImpl.java:259) ~[hibernate-core-6.0.2.Final.jar:6.0.2.Final]
	at org.hibernate.engine.jdbc.env.internal.JdbcEnvironmentInitiator$ConnectionProviderJdbcConnectionAccess.obtainConnection(JdbcEnvironmentInitiator.java:284) ~[hibernate-core-6.0.2.Final.jar:6.0.2.Final]
	at org.hibernate.engine.jdbc.env.internal.JdbcEnvironmentInitiator.initiateService(JdbcEnvironmentInitiator.java:177) ~[hibernate-core-6.0.2.Final.jar:6.0.2.Final]
	at org.hibernate.engine.jdbc.env.internal.JdbcEnvironmentInitiator.initiateService(JdbcEnvironmentInitiator.java:36) ~[hibernate-core-6.0.2.Final.jar:6.0.2.Final]
	at org.hibernate.boot.registry.internal.StandardServiceRegistryImpl.initiateService(StandardServiceRegistryImpl.java:119) ~[hibernate-core-6.0.2.Final.jar:6.0.2.Final]
	at org.hibernate.service.internal.AbstractServiceRegistryImpl.createService(AbstractServiceRegistryImpl.java:255) ~[hibernate-core-6.0.2.Final.jar:6.0.2.Final]
	at org.hibernate.service.internal.AbstractServiceRegistryImpl.initializeService(AbstractServiceRegistryImpl.java:230) ~[hibernate-core-6.0.2.Final.jar:6.0.2.Final]
	at org.hibernate.service.internal.AbstractServiceRegistryImpl.getService(AbstractServiceRegistryImpl.java:207) ~[hibernate-core-6.0.2.Final.jar:6.0.2.Final]
	at org.hibernate.engine.jdbc.internal.JdbcServicesImpl.configure(JdbcServicesImpl.java:48) ~[hibernate-core-6.0.2.Final.jar:6.0.2.Final]
	at org.hibernate.boot.registry.internal.StandardServiceRegistryImpl.configureService(StandardServiceRegistryImpl.java:125) ~[hibernate-core-6.0.2.Final.jar:6.0.2.Final]
	at org.hibernate.service.internal.AbstractServiceRegistryImpl.initializeService(AbstractServiceRegistryImpl.java:239) ~[hibernate-core-6.0.2.Final.jar:6.0.2.Final]
	at org.hibernate.service.internal.AbstractServiceRegistryImpl.getService(AbstractServiceRegistryImpl.java:207) ~[hibernate-core-6.0.2.Final.jar:6.0.2.Final]
	at org.hibernate.engine.jdbc.connections.internal.BasicConnectionCreator.convertSqlException(BasicConnectionCreator.java:121) ~[hibernate-core-6.0.2.Final.jar:6.0.2.Final]
	at org.hibernate.engine.jdbc.connections.internal.DriverConnectionCreator.makeConnection(DriverConnectionCreator.java:43) ~[hibernate-core-6.0.2.Final.jar:6.0.2.Final]
	at org.hibernate.engine.jdbc.connections.internal.BasicConnectionCreator.createConnection(BasicConnectionCreator.java:61) ~[hibernate-core-6.0.2.Final.jar:6.0.2.Final]
	at org.hibernate.engine.jdbc.connections.internal.DriverManagerConnectionProviderImpl$PooledConnections.addConnections(DriverManagerConnectionProviderImpl.java:498) ~[hibernate-core-6.0.2.Final.jar:6.0.2.Final]
	at org.hibernate.engine.jdbc.connections.internal.DriverManagerConnectionProviderImpl$PooledConnections.<init>(DriverManagerConnectionProviderImpl.java:364) ~[hibernate-core-6.0.2.Final.jar:6.0.2.Final]
	at org.hibernate.engine.jdbc.connections.internal.DriverManagerConnectionProviderImpl$PooledConnections$Builder.build(DriverManagerConnectionProviderImpl.java:549) ~[hibernate-core-6.0.2.Final.jar:6.0.2.Final]
	at org.hibernate.engine.jdbc.connections.internal.DriverManagerConnectionProviderImpl.buildPool(DriverManagerConnectionProviderImpl.java:102) ~[hibernate-core-6.0.2.Final.jar:6.0.2.Final]
	at org.hibernate.engine.jdbc.connections.internal.DriverManagerConnectionProviderImpl.configure(DriverManagerConnectionProviderImpl.java:78) ~[hibernate-core-6.0.2.Final.jar:6.0.2.Final]
	at org.hibernate.boot.registry.internal.StandardServiceRegistryImpl.configureService(StandardServiceRegistryImpl.java:125) ~[hibernate-core-6.0.2.Final.jar:6.0.2.Final]
	at org.hibernate.service.internal.AbstractServiceRegistryImpl.initializeService(AbstractServiceRegistryImpl.java:239) ~[hibernate-core-6.0.2.Final.jar:6.0.2.Final]
	at org.hibernate.service.internal.AbstractServiceRegistryImpl.getService(AbstractServiceRegistryImpl.java:207) ~[hibernate-core-6.0.2.Final.jar:6.0.2.Final]
	at org.hibernate.engine.jdbc.env.internal.JdbcEnvironmentInitiator.buildJdbcConnectionAccess(JdbcEnvironmentInitiator.java:249) ~[hibernate-core-6.0.2.Final.jar:6.0.2.Final]
	at org.hibernate.engine.jdbc.env.internal.JdbcEnvironmentInitiator.initiateService(JdbcEnvironmentInitiator.java:175) ~[hibernate-core-6.0.2.Final.jar:6.0.2.Final]
	at org.hibernate.engine.jdbc.env.internal.JdbcEnvironmentInitiator.initiateService(JdbcEnvironmentInitiator.java:36) ~[hibernate-core-6.0.2.Final.jar:6.0.2.Final]
	at org.hibernate.boot.registry.internal.StandardServiceRegistryImpl.initiateService(StandardServiceRegistryImpl.java:119) ~[hibernate-core-6.0.2.Final.jar:6.0.2.Final]
	at org.hibernate.service.internal.AbstractServiceRegistryImpl.createService(AbstractServiceRegistryImpl.java:255) ~[hibernate-core-6.0.2.Final.jar:6.0.2.Final]
	at org.hibernate.service.internal.AbstractServiceRegistryImpl.initializeService(AbstractServiceRegistryImpl.java:230) ~[hibernate-core-6.0.2.Final.jar:6.0.2.Final]
	at org.hibernate.service.internal.AbstractServiceRegistryImpl.getService(AbstractServiceRegistryImpl.java:207) ~[hibernate-core-6.0.2.Final.jar:6.0.2.Final]
	at org.hibernate.boot.model.relational.Database.<init>(Database.java:44) ~[hibernate-core-6.0.2.Final.jar:6.0.2.Final]
	at org.hibernate.boot.internal.InFlightMetadataCollectorImpl.getDatabase(InFlightMetadataCollectorImpl.java:216) ~[hibernate-core-6.0.2.Final.jar:6.0.2.Final]
	at org.hibernate.boot.internal.InFlightMetadataCollectorImpl.<init>(InFlightMetadataCollectorImpl.java:189) ~[hibernate-core-6.0.2.Final.jar:6.0.2.Final]
	at org.hibernate.boot.model.process.spi.MetadataBuildingProcess.complete(MetadataBuildingProcess.java:139) ~[hibernate-core-6.0.2.Final.jar:6.0.2.Final]
	at org.hibernate.boot.model.process.spi.MetadataBuildingProcess.build(MetadataBuildingProcess.java:98) ~[hibernate-core-6.0.2.Final.jar:6.0.2.Final]
	at org.hibernate.boot.internal.MetadataBuilderImpl.build(MetadataBuilderImpl.java:402) ~[hibernate-core-6.0.2.Final.jar:6.0.2.Final]
	at org.hibernate.boot.internal.MetadataBuilderImpl.build(MetadataBuilderImpl.java:90) ~[hibernate-core-6.0.2.Final.jar:6.0.2.Final]
	at com.rekest.utils.HibernateSession.<init>(HibernateSession.java:24) ~[classes/:?]
	at com.rekest.utils.HibernateSession.init(HibernateSession.java:67) ~[classes/:?]
	at com.rekest.utils.HibernateSession.getSessionFactory(HibernateSession.java:60) ~[classes/:?]
	at com.rekest.utils.HibernateSession.getSession(HibernateSession.java:38) ~[classes/:?]
	at com.rekest.dao.impl.HibernateDao.list(HibernateDao.java:120) ~[classes/:?]
	at com.rekest.dao.impl.DepartementDao.list(DepartementDao.java:44) ~[classes/:?]
	at com.rekest.feature.impl.FeatureDepartement.loadDepartementObservableList(FeatureDepartement.java:64) ~[classes/:?]
	at com.rekest.views.DepartementController.addDepartmentObservableListToTheTable(DepartementController.java:61) ~[classes/:?]
	at com.rekest.views.DepartementController.initialize(DepartementController.java:54) ~[classes/:?]
	at javafx.fxml.FXMLLoader.loadImpl(FXMLLoader.java:2655) ~[javafx.fxml.jar:?]
	at javafx.fxml.FXMLLoader.loadImpl(FXMLLoader.java:2548) ~[javafx.fxml.jar:?]
	at javafx.fxml.FXMLLoader.load(FXMLLoader.java:2516) ~[javafx.fxml.jar:?]
	at com.rekest.utils.Utilitaire.loadPageInRootLayout(Utilitaire.java:53) ~[classes/:?]
	at com.rekest.views.AdminRootLayoutController.handleClickedDepartement(AdminRootLayoutController.java:114) ~[classes/:?]
	at jdk.internal.reflect.NativeMethodAccessorImpl.invoke0(Native Method) ~[?:?]
	at jdk.internal.reflect.NativeMethodAccessorImpl.invoke(NativeMethodAccessorImpl.java:62) ~[?:?]
	at jdk.internal.reflect.DelegatingMethodAccessorImpl.invoke(DelegatingMethodAccessorImpl.java:43) ~[?:?]
	at java.lang.reflect.Method.invoke(Method.java:566) ~[?:?]
	at com.sun.javafx.reflect.Trampoline.invoke(MethodUtil.java:77) ~[javafx.base.jar:?]
	at jdk.internal.reflect.GeneratedMethodAccessor2.invoke(Unknown Source) ~[?:?]
	at jdk.internal.reflect.DelegatingMethodAccessorImpl.invoke(DelegatingMethodAccessorImpl.java:43) ~[?:?]
	at java.lang.reflect.Method.invoke(Method.java:566) ~[?:?]
	at com.sun.javafx.reflect.MethodUtil.invoke(MethodUtil.java:275) ~[javafx.base.jar:?]
	at com.sun.javafx.fxml.MethodHelper.invoke(MethodHelper.java:84) ~[javafx.fxml.jar:?]
	at javafx.fxml.FXMLLoader$MethodHandler.invoke(FXMLLoader.java:1852) ~[javafx.fxml.jar:?]
	at javafx.fxml.FXMLLoader$ControllerMethodEventHandler.handle(FXMLLoader.java:1724) ~[javafx.fxml.jar:?]
	at com.sun.javafx.event.CompositeEventHandler.dispatchBubblingEvent(CompositeEventHandler.java:86) ~[javafx.base.jar:?]
	at com.sun.javafx.event.EventHandlerManager.dispatchBubblingEvent(EventHandlerManager.java:234) ~[javafx.base.jar:?]
	at com.sun.javafx.event.EventHandlerManager.dispatchBubblingEvent(EventHandlerManager.java:191) ~[javafx.base.jar:?]
	at com.sun.javafx.event.CompositeEventDispatcher.dispatchBubblingEvent(CompositeEventDispatcher.java:59) ~[javafx.base.jar:?]
	at com.sun.javafx.event.BasicEventDispatcher.dispatchEvent(BasicEventDispatcher.java:58) ~[javafx.base.jar:?]
	at com.sun.javafx.event.EventDispatchChainImpl.dispatchEvent(EventDispatchChainImpl.java:114) ~[javafx.base.jar:?]
	at com.sun.javafx.event.BasicEventDispatcher.dispatchEvent(BasicEventDispatcher.java:56) ~[javafx.base.jar:?]
	at com.sun.javafx.event.EventDispatchChainImpl.dispatchEvent(EventDispatchChainImpl.java:114) ~[javafx.base.jar:?]
	at com.sun.javafx.event.BasicEventDispatcher.dispatchEvent(BasicEventDispatcher.java:56) ~[javafx.base.jar:?]
	at com.sun.javafx.event.EventDispatchChainImpl.dispatchEvent(EventDispatchChainImpl.java:114) ~[javafx.base.jar:?]
	at com.sun.javafx.event.EventUtil.fireEventImpl(EventUtil.java:74) ~[javafx.base.jar:?]
	at com.sun.javafx.event.EventUtil.fireEvent(EventUtil.java:54) ~[javafx.base.jar:?]
	at javafx.event.Event.fireEvent(Event.java:198) ~[javafx.base.jar:?]
	at javafx.scene.Scene$ClickGenerator.postProcess(Scene.java:3602) ~[javafx.graphics.jar:?]
	at javafx.scene.Scene$MouseHandler.process(Scene.java:3906) ~[javafx.graphics.jar:?]
	at javafx.scene.Scene.processMouseEvent(Scene.java:1878) ~[javafx.graphics.jar:?]
	at javafx.scene.Scene$ScenePeerListener.mouseEvent(Scene.java:2623) ~[javafx.graphics.jar:?]
	at com.sun.javafx.tk.quantum.GlassViewEventHandler$MouseEventNotification.run(GlassViewEventHandler.java:411) ~[javafx.graphics.jar:?]
	at com.sun.javafx.tk.quantum.GlassViewEventHandler$MouseEventNotification.run(GlassViewEventHandler.java:301) ~[javafx.graphics.jar:?]
	at java.security.AccessController.doPrivileged(Native Method) ~[?:?]
	at com.sun.javafx.tk.quantum.GlassViewEventHandler.lambda$handleMouseEvent$2(GlassViewEventHandler.java:450) ~[javafx.graphics.jar:?]
	at com.sun.javafx.tk.quantum.QuantumToolkit.runWithoutRenderLock(QuantumToolkit.java:424) ~[javafx.graphics.jar:?]
	at com.sun.javafx.tk.quantum.GlassViewEventHandler.handleMouseEvent(GlassViewEventHandler.java:449) ~[javafx.graphics.jar:?]
	at com.sun.glass.ui.View.handleMouseEvent(View.java:557) ~[javafx.graphics.jar:?]
	at com.sun.glass.ui.View.notifyMouse(View.java:943) ~[javafx.graphics.jar:?]
	at com.sun.glass.ui.win.WinApplication._runLoop(Native Method) ~[javafx.graphics.jar:?]
	at com.sun.glass.ui.win.WinApplication.lambda$runLoop$3(WinApplication.java:184) ~[javafx.graphics.jar:?]
	at java.lang.Thread.run(Thread.java:834) ~[?:?]
06 juil. 2022 19:41:51,021 [JavaFX Application Thread] INFO  {SQL dialect} - HHH000400: Using dialect: org.hibernate.dialect.MySQL5Dialect 
06 juil. 2022 19:41:51,026 [JavaFX Application Thread] WARN  {org.hibernate.orm.deprecation} - HHH90000026: MySQL5Dialect has been deprecated; use org.hibernate.dialect.MySQLDialect instead 
06 juil. 2022 19:41:51,057 [JavaFX Application Thread] WARN  {org.hibernate.engine.jdbc.spi.SqlExceptionHelper} - SQL Error: 0, SQLState: 08S01 
06 juil. 2022 19:41:51,058 [JavaFX Application Thread] ERROR {org.hibernate.engine.jdbc.spi.SqlExceptionHelper} - Communications link failure

The last packet sent successfully to the server was 0 milliseconds ago. The driver has not received any packets from the server. 
06 juil. 2022 19:41:51,060 [JavaFX Application Thread] ERROR {com.rekest.utils.HibernateSession} - Unable to load Hibernate configuration : Unable to create requested service [org.hibernate.engine.jdbc.env.spi.JdbcEnvironment] 
